<?xml version="1.0" encoding="UTF-8" ?>
<testsuites>
  <testsuite errors="1" failures="0" hostname="Saim-PC" id="0" name="Filter" package="org.junit.runner.manipulation" tests="1" time="0.04" timestamp="2015-04-04T02:51:05">
      <properties />

      <testcase classname="org.junit.runner.manipulation.Filter" name="initializationError" time="0.039">
          <error message="No tests found matching grails test target pattern filter from org.junit.runner.Request$1@6cd75ffe" type="java.lang.Exception">java.lang.Exception: No tests found matching grails test target pattern filter from org.junit.runner.Request$1@6cd75ffe
</error>

      </testcase>

      <system-out><![CDATA[--Output from initializationError--
]]></system-out>

      <system-err><![CDATA[--Output from initializationError--
]]></system-err>

  </testsuite>
</testsuites>
